<?xml version="1.0" encoding="UTF-8"?>
<!-- Generated by org.testng.reporters.JUnitReportReporter -->
<testsuite skipped="0" hostname="Anand-PC" name="ca.amazon.test.scripts.PurchaseProducts" tests="1" failures="0" timestamp="15 Oct 2018 17:59:35 GMT" time="12.206" errors="0">
  <testcase name="proceedOrderWithoutEmailOrPwd" time="12.206" classname="ca.amazon.test.scripts.PurchaseProducts"/>
</testsuite> <!-- ca.amazon.test.scripts.PurchaseProducts -->
